#
# A fatal error has been detected by the Java Runtime Environment:
#
#  EXCEPTION_ACCESS_VIOLATION (0xc0000005) at pc=0x00007ffd374fef29, pid=20300, tid=15800
#
# JRE version: OpenJDK Runtime Environment Temurin-17.0.7+7 (17.0.7+7) (build 17.0.7+7)
# Java VM: OpenJDK 64-Bit Server VM Temurin-17.0.7+7 (17.0.7+7, mixed mode, emulated-client, tiered, compressed oops, compressed class ptrs, g1 gc, windows-amd64)
# Problematic frame:
# V  [jvm.dll+0x23ef29]
#
# No core dump will be written. Minidumps are not enabled by default on client versions of Windows
#
# If you would like to submit a bug report, please visit:
#   https://github.com/adoptium/adoptium-support/issues
#

---------------  S U M M A R Y ------------

Command Line: -XX:+ShowCodeDetailsInExceptionMessages -agentlib:jdwp=transport=dt_socket,suspend=y,address=localhost:51710 -Dcom.sun.management.jmxremote -Dcom.sun.management.jmxremote.port=51708 -Dcom.sun.management.jmxremote.authenticate=false -Dcom.sun.management.jmxremote.ssl=false -Djava.rmi.server.hostname=localhost -Dspring.jmx.enabled=true -Dmanagement.endpoints.jmx.exposure.include=* -Dspring.application.admin.enabled=true -XX:TieredStopAtLevel=1 -Dspring.boot.project.name=login-page -javaagent:C:\Users\AmrendraKumar\eclipse\java-2023-062\eclipse\configuration\org.eclipse.osgi\248\0\.cp\lib\javaagent-shaded.jar -Dfile.encoding=UTF-8 com.example.LoginPageApplication --spring.output.ansi.enabled=always

Host: Intel(R) Core(TM) i5-10210U CPU @ 1.60GHz, 8 cores, 15G,  Windows 10 , 64 bit Build 19041 (10.0.19041.3636)
Time: Tue Mar 26 22:30:49 2024 India Standard Time elapsed time: 161.431305 seconds (0d 0h 2m 41s)

---------------  T H R E A D  ---------------

Current thread (0x0000022ecc058a40):  VMThread "VM Thread" [stack: 0x0000002ec3900000,0x0000002ec3a00000] [id=15800]

Stack: [0x0000002ec3900000,0x0000002ec3a00000],  sp=0x0000002ec39ff3e0,  free space=1020k
Native frames: (J=compiled Java code, j=interpreted, Vv=VM code, C=native code)
V  [jvm.dll+0x23ef29]
V  [jvm.dll+0x62c973]
V  [jvm.dll+0x62d331]
V  [jvm.dll+0x52c59d]
V  [jvm.dll+0x5301c8]
V  [jvm.dll+0x52dfbb]
V  [jvm.dll+0x83a5bb]
V  [jvm.dll+0x83b2f4]
V  [jvm.dll+0x83b80c]
V  [jvm.dll+0x83bbe4]
V  [jvm.dll+0x83bcb0]
V  [jvm.dll+0x7e4e7a]
V  [jvm.dll+0x676395]
C  [ucrtbase.dll+0x21bb2]
C  [KERNEL32.DLL+0x17344]
C  [ntdll.dll+0x526b1]


siginfo: EXCEPTION_ACCESS_VIOLATION (0xc0000005), reading address 0x0000022ed0a0c2b8


Register to memory mapping:

RIP=0x00007ffd374fef29 jvm.dll
RAX=2097152 is a compressed pointer to class: 0x0000000800200000
org.apache.logging.log4j.core.script.AbstractScript {0x0000000800200008}
 - instance size:     3
 - klass size:        68
 - access:            public synchronized abstract 
 - state:             loaded
 - name:              'org/apache/logging/log4j/core/script/AbstractScript'
 - super:             'java/lang/Object'
 - sub:               'org/apache/logging/log4j/core/script/ScriptRef'   'org/apache/logging/log4j/core/script/ScriptFile'   'org/apache/logging/log4j/core/script/Script'   
 - arrays:            NULL
 - methods:           Array<T>(0x0000022ec8ef2e48)
 - method ordering:   Array<T>(0x0000022ec8ef3218)
 - default_methods:   Array<T>(0x0000000000000000)
 - local interfaces:  Array<T>(0x0000022ec8000058)
 - trans. interfaces: Array<T>(0x0000022ec8000058)
 - constants:         constant pool [55] {0x0000022ec8ef2bd8} for 'org/apache/logging/log4j/core/script/AbstractScript'
 - class loader data:  loader data: 0x0000022ecc21e0a0 for instance a 'jdk/internal/loader/ClassLoaders$AppClassLoader'{0x0000000703cc7360}
 - source file:       'AbstractScript.java'
 - source debug extension:       SMAP
AbstractScript.java
Java
*S jdt
*F
1 AbstractScript.java
2 file:/C:/Users/AmrendraKumar/.m2/repository/org/apache/logging/log4j/log4j-core/2.20.0/log4j-core-2.20.0.jar
*L
*E

 - class annotations:       Array<T>(0x0000000000000000)
 - class type annotations:  Array<T>(0x0000000000000000)
 - field annotations:       Array<T>(0x0000000000000000)
 - field type annotations:  Array<T>(0x0000000000000000)
 - inner classes:     Array<T>(0x0000022ec8000028)
 - nest members:     Array<T>(0x0000022ec8000028)
 - permitted subclasses:     Array<T>(0x0000022ec8000028)
 - java mirror:       a 'java/lang/Class'{0x00000007043cee10} = 'org/apache/logging/log4j/core/script/AbstractScript'
 - vtable length      8  (start addr: 0x00000008002001c8)
 - itable length      2 (start addr: 0x0000000800200208)
 - ---- static fields (1 words):
 - protected static final 'LOGGER' 'Lorg/apache/logging/log4j/Logger;' @112 
 - protected static final 'DEFAULT_LANGUAGE' 'Ljava/lang/String;' @116 
 - ---- non-static fields (3 words):
 - private final 'language' 'Ljava/lang/String;' @12 
 - private final 'scriptText' 'Ljava/lang/String;' @16 
 - private final 'name' 'Ljava/lang/String;' @20 
 - non-static oop maps: 12-20 
RBX=0x0000022ed080ad80 is pointing into metadata
RCX=0x0000022ed080c2b8 is pointing into metadata
RDX=0x000000000000ffff is an unknown value
RSP=0x0000002ec39ff3e0 points into unknown readable memory: 0x0000022eb9ad5310 | 10 53 ad b9 2e 02 00 00
RBP=0x0000022ed080ad80 is pointing into metadata
RSI=0x000000000000ffff is an unknown value
RDI=0x000000000000ffff is an unknown value
R8 ={method} {0x0000022ed080b848} 'login' '(Ljava/lang/String;Ljava/lang/String;)Lorg/springframework/web/servlet/ModelAndView;' in 'com/example/controller/UserController'
R9 =0x0000002ec39ff4c0 points into unknown readable memory: 0x0000022ed080b840 | 40 b8 80 d0 2e 02 00 00
R10=0x0000022ecc049190 points into unknown readable memory: 0x0000001e00000002 | 02 00 00 00 1e 00 00 00
R11={method} {0x0000022ed080b848} 'login' '(Ljava/lang/String;Ljava/lang/String;)Lorg/springframework/web/servlet/ModelAndView;' in 'com/example/controller/UserController'
R12=0x0000022ec9d556d0 is pointing into metadata
R13=0x00007ffd372c0000 jvm.dll
R14=0x0000002ec39ff4f0 points into unknown readable memory: 0x0000022ec9d56168 | 68 61 d5 c9 2e 02 00 00
R15=0x0000022ed080ad80 is pointing into metadata


Registers:
RAX=0x0000000000200000, RBX=0x0000022ed080ad80, RCX=0x0000022ed080c2b8, RDX=0x000000000000ffff
RSP=0x0000002ec39ff3e0, RBP=0x0000022ed080ad80, RSI=0x000000000000ffff, RDI=0x000000000000ffff
R8 =0x0000022ed080b840, R9 =0x0000002ec39ff4c0, R10=0x0000022ecc049190, R11=0x0000022ed080b840
R12=0x0000022ec9d556d0, R13=0x00007ffd372c0000, R14=0x0000002ec39ff4f0, R15=0x0000022ed080ad80
RIP=0x00007ffd374fef29, EFLAGS=0x0000000000010206

Top of Stack: (sp=0x0000002ec39ff3e0)
0x0000002ec39ff3e0:   0000022eb9ad5310 0000022eb336e490
0x0000002ec39ff3f0:   0000002ec39ff4f0 0000000000000012
0x0000002ec39ff400:   0000000000000008 00007ffd378ec973
0x0000002ec39ff410:   00000000000000b4 00007ffd3760c314
0x0000002ec39ff420:   0000002ec39ff4c0 0000000000000005
0x0000002ec39ff430:   0000022ec9d55dc1 0000002e000000e6
0x0000002ec39ff440:   0000002ec39ff4c0 00007ffd373e7a6e
0x0000002ec39ff450:   0000022ed080b840 0000022ed080b500
0x0000002ec39ff460:   0000022ed080ad80 0000022ed080b76f
0x0000002ec39ff470:   00000000000000b4 00007ffd378ed331
0x0000002ec39ff480:   00000000000000b4 0000002ec39ff4f9
0x0000002ec39ff490:   00000000000000b4 0000000000000008
0x0000002ec39ff4a0:   0000022ec9d556d0 0000022ed080ad80
0x0000002ec39ff4b0:   0000022ed080b840 0000022ecc058a40
0x0000002ec39ff4c0:   0000022ed080b840 0000022ecc058a40
0x0000002ec39ff4d0:   0000001a00000017 000000b400000074 

Instructions: (pc=0x00007ffd374fef29)
0x00007ffd374fee29:   cc cc cc cc cc cc cc 48 89 5c 24 10 48 89 74 24
0x00007ffd374fee39:   18 57 48 83 ec 30 48 63 da 49 8b f0 48 8b f9 85
0x00007ffd374fee49:   d2 79 24 4c 8d 0d 05 41 70 00 ba b4 02 00 00 4c
0x00007ffd374fee59:   8d 05 31 41 70 00 48 8d 0d aa 40 70 00 e8 a5 79
0x00007ffd374fee69:   00 00 e8 f0 81 43 00 48 8b 4f 10 48 85 c9 74 0f
0x00007ffd374fee79:   48 8d 43 01 48 c1 e0 05 48 8b 04 08 0f b7 d8 48
0x00007ffd374fee89:   63 c3 48 8d 54 24 40 48 89 7c 24 20 48 89 74 24
0x00007ffd374fee99:   28 48 8b 8e 40 02 00 00 8b 5c c7 48 48 89 7c 24
0x00007ffd374feea9:   40 e8 71 bb dc ff 0f b7 d3 48 8d 4c 24 20 4c 8b
0x00007ffd374feeb9:   c6 e8 f1 fb ff ff 48 8d 4c 24 20 48 8b d8 e8 d4
0x00007ffd374feec9:   d4 10 00 48 8b 74 24 50 48 8b c3 48 8b 5c 24 48
0x00007ffd374feed9:   48 83 c4 30 5f c3 cc 48 89 5c 24 08 57 48 83 ec
0x00007ffd374feee9:   20 48 63 fa 48 8b d9 85 d2 79 24 4c 8d 0d 5d 40
0x00007ffd374feef9:   70 00 ba b4 02 00 00 4c 8d 05 89 40 70 00 48 8d
0x00007ffd374fef09:   0d 02 40 70 00 e8 fd 78 00 00 e8 48 81 43 00 48
0x00007ffd374fef19:   8b 4b 10 48 85 c9 74 0f 48 8d 47 01 48 c1 e0 05
0x00007ffd374fef29:   48 8b 04 08 0f b7 f8 48 63 c7 0f b7 4c c3 48 0f
0x00007ffd374fef39:   b7 44 cb 4a 48 8b 44 c3 48 48 8b 5c 24 30 48 83
0x00007ffd374fef49:   c4 20 5f c3 cc cc cc 4c 8b 41 20 4d 8b 00 e9 64
0x00007ffd374fef59:   02 00 00 cc cc cc cc 48 8b 49 20 48 8b 09 e9 24
0x00007ffd374fef69:   59 00 00 cc cc cc cc 48 89 5c 24 18 56 57 41 56
0x00007ffd374fef79:   48 83 ec 20 48 83 3d 3b b6 91 00 00 4c 8b f2 48
0x00007ffd374fef89:   8b f9 74 0f 48 8b d1 48 8d 0d 51 3f 70 00 e8 d4
0x00007ffd374fef99:   82 e6 ff 45 33 c0 41 8d 50 17 8d 4a 11 e8 f5 77
0x00007ffd374fefa9:   e6 ff 33 db 48 85 c0 74 22 48 8d 4f 08 89 58 08
0x00007ffd374fefb9:   48 89 48 20 48 8d 0d 0c 39 6d 00 48 89 08 88 58
0x00007ffd374fefc9:   0c 48 89 58 10 48 89 58 18 eb 03 48 8b c3 48 8b
0x00007ffd374fefd9:   d0 49 8b ce e8 ce 00 3e 00 45 33 c0 41 8d 50 17
0x00007ffd374fefe9:   8d 4a 11 e8 af 77 e6 ff 48 85 c0 74 27 48 8d 0d
0x00007ffd374feff9:   23 44 70 00 c7 40 08 02 00 00 00 48 89 08 48 8d
0x00007ffd374ff009:   4f 10 48 89 48 20 c6 40 0c 00 48 89 58 10 48 89
0x00007ffd374ff019:   58 18 eb 03 48 8b c3 48 8b d0 49 8b ce e8 85 00 


Stack slot to memory mapping:
stack at sp + 0 slots: 0x0000022eb9ad5310 is at entry_point+-400 in (nmethod*)0x0000022eb9ad5310
stack at sp + 1 slots: 0x0000022eb336e490 points into unknown readable memory: 0x0000000300000001 | 01 00 00 00 03 00 00 00
stack at sp + 2 slots: 0x0000002ec39ff4f0 points into unknown readable memory: 0x0000022ec9d56168 | 68 61 d5 c9 2e 02 00 00
stack at sp + 3 slots: 0x0000000000000012 is an unknown value
stack at sp + 4 slots: 0x0000000000000008 is an unknown value
stack at sp + 5 slots: 0x00007ffd378ec973 jvm.dll
stack at sp + 6 slots: 0x00000000000000b4 is an unknown value
stack at sp + 7 slots: 0x00007ffd3760c314 jvm.dll

VM_Operation (0x0000002ec45ff640): RedefineClasses, mode: safepoint, requested by thread 0x0000022ecc2b89a0, redefining class com.example.controller.UserController



---------------  P R O C E S S  ---------------

Threads class SMR info:
_java_thread_list=0x0000022ece9e10e0, length=37, elements={
0x0000022ecc0314b0, 0x0000022ecc0324b0, 0x0000022ecc0a92a0, 0x0000022ecc0a9dc0,
0x0000022ecc0ade40, 0x0000022ecc0b2b40, 0x0000022ecc0b3c50, 0x0000022ecc0b4cf0,
0x0000022ec7fb1420, 0x0000022ecc2b89a0, 0x0000022ecc2b9840, 0x0000022ecc2bbf30,
0x0000022eccb6c090, 0x0000022eccd47820, 0x0000022eccd2d030, 0x0000022eccdc21f0,
0x0000022ecd32ec00, 0x0000022ecd3306c0, 0x0000022ecd330f90, 0x0000022ecd46e9c0,
0x0000022ecd46ee90, 0x0000022ecd46c340, 0x0000022ecd46d680, 0x0000022ecd46c810,
0x0000022eccfa0210, 0x0000022eccfa53e0, 0x0000022eccf9ea00, 0x0000022eccfa58b0,
0x0000022eccf9f3a0, 0x0000022eccf9e530, 0x0000022eccf9eed0, 0x0000022eccfa2890,
0x0000022eccfa3230, 0x0000022eccf9f870, 0x0000022eccf9fd40, 0x0000022eccfa40a0,
0x0000022eccfa1ef0
}

Java Threads: ( => current thread )
  0x0000022ecc0314b0 JavaThread "Reference Handler" daemon [_thread_blocked, id=18384, stack(0x0000002ec3a00000,0x0000002ec3b00000)]
  0x0000022ecc0324b0 JavaThread "Finalizer" daemon [_thread_blocked, id=17820, stack(0x0000002ec3b00000,0x0000002ec3c00000)]
  0x0000022ecc0a92a0 JavaThread "Signal Dispatcher" daemon [_thread_blocked, id=25152, stack(0x0000002ec3c00000,0x0000002ec3d00000)]
  0x0000022ecc0a9dc0 JavaThread "Attach Listener" daemon [_thread_blocked, id=23888, stack(0x0000002ec3d00000,0x0000002ec3e00000)]
  0x0000022ecc0ade40 JavaThread "Service Thread" daemon [_thread_blocked, id=19184, stack(0x0000002ec3e00000,0x0000002ec3f00000)]
  0x0000022ecc0b2b40 JavaThread "Monitor Deflation Thread" daemon [_thread_blocked, id=20428, stack(0x0000002ec3f00000,0x0000002ec4000000)]
  0x0000022ecc0b3c50 JavaThread "C1 CompilerThread0" daemon [_thread_blocked, id=19420, stack(0x0000002ec4000000,0x0000002ec4100000)]
  0x0000022ecc0b4cf0 JavaThread "Sweeper thread" daemon [_thread_blocked, id=9544, stack(0x0000002ec4100000,0x0000002ec4200000)]
  0x0000022ec7fb1420 JavaThread "Common-Cleaner" daemon [_thread_blocked, id=12280, stack(0x0000002ec4200000,0x0000002ec4300000)]
  0x0000022ecc2b89a0 JavaThread "JDWP Transport Listener: dt_socket" daemon [_thread_blocked, id=11812, stack(0x0000002ec4500000,0x0000002ec4600000)]
  0x0000022ecc2b9840 JavaThread "JDWP Event Helper Thread" daemon [_thread_blocked, id=25232, stack(0x0000002ec4600000,0x0000002ec4700000)]
  0x0000022ecc2bbf30 JavaThread "JDWP Command Reader" daemon [_thread_in_native, id=22348, stack(0x0000002ec4700000,0x0000002ec4800000)]
  0x0000022eccb6c090 JavaThread "Notification Thread" daemon [_thread_blocked, id=13268, stack(0x0000002ec4800000,0x0000002ec4900000)]
  0x0000022eccd47820 JavaThread "RMI TCP Accept-0" daemon [_thread_in_native, id=19484, stack(0x0000002ec4900000,0x0000002ec4a00000)]
  0x0000022eccd2d030 JavaThread "RMI TCP Accept-51708" daemon [_thread_in_native, id=24196, stack(0x0000002ec4a00000,0x0000002ec4b00000)]
  0x0000022eccdc21f0 JavaThread "RMI TCP Accept-0" daemon [_thread_in_native, id=23456, stack(0x0000002ec4b00000,0x0000002ec4c00000)]
  0x0000022ecd32ec00 JavaThread "RMI Scheduler(0)" daemon [_thread_blocked, id=20296, stack(0x0000002ec5700000,0x0000002ec5800000)]
  0x0000022ecd3306c0 JavaThread "RMI TCP Connection(idle)" daemon [_thread_blocked, id=13632, stack(0x0000002ec5800000,0x0000002ec5900000)]
  0x0000022ecd330f90 JavaThread "JMX server connection timeout 25" daemon [_thread_blocked, id=22556, stack(0x0000002ec5900000,0x0000002ec5a00000)]
  0x0000022ecd46e9c0 JavaThread "Catalina-utility-1" [_thread_blocked, id=24288, stack(0x0000002ec5c00000,0x0000002ec5d00000)]
  0x0000022ecd46ee90 JavaThread "Catalina-utility-2" [_thread_blocked, id=20832, stack(0x0000002ec5d00000,0x0000002ec5e00000)]
  0x0000022ecd46c340 JavaThread "container-0" [_thread_blocked, id=2804, stack(0x0000002ec5e00000,0x0000002ec5f00000)]
  0x0000022ecd46d680 JavaThread "mysql-cj-abandoned-connection-cleanup" daemon [_thread_blocked, id=19976, stack(0x0000002ec5f00000,0x0000002ec6000000)]
  0x0000022ecd46c810 JavaThread "HikariPool-1 housekeeper" daemon [_thread_blocked, id=10052, stack(0x0000002ec6100000,0x0000002ec6200000)]
  0x0000022eccfa0210 JavaThread "http-nio-8085-exec-1" daemon [_thread_blocked, id=11152, stack(0x0000002ec6300000,0x0000002ec6400000)]
  0x0000022eccfa53e0 JavaThread "http-nio-8085-exec-2" daemon [_thread_blocked, id=22864, stack(0x0000002ec6400000,0x0000002ec6500000)]
  0x0000022eccf9ea00 JavaThread "http-nio-8085-exec-3" daemon [_thread_blocked, id=24108, stack(0x0000002ec6500000,0x0000002ec6600000)]
  0x0000022eccfa58b0 JavaThread "http-nio-8085-exec-4" daemon [_thread_blocked, id=20144, stack(0x0000002ec6600000,0x0000002ec6700000)]
  0x0000022eccf9f3a0 JavaThread "http-nio-8085-exec-5" daemon [_thread_blocked, id=8396, stack(0x0000002ec6700000,0x0000002ec6800000)]
  0x0000022eccf9e530 JavaThread "http-nio-8085-exec-6" daemon [_thread_blocked, id=22676, stack(0x0000002ec6800000,0x0000002ec6900000)]
  0x0000022eccf9eed0 JavaThread "http-nio-8085-exec-7" daemon [_thread_blocked, id=3032, stack(0x0000002ec6900000,0x0000002ec6a00000)]
  0x0000022eccfa2890 JavaThread "http-nio-8085-exec-8" daemon [_thread_blocked, id=24888, stack(0x0000002ec6a00000,0x0000002ec6b00000)]
  0x0000022eccfa3230 JavaThread "http-nio-8085-exec-9" daemon [_thread_blocked, id=22656, stack(0x0000002ec6b00000,0x0000002ec6c00000)]
  0x0000022eccf9f870 JavaThread "http-nio-8085-exec-10" daemon [_thread_blocked, id=1884, stack(0x0000002ec6c00000,0x0000002ec6d00000)]
  0x0000022eccf9fd40 JavaThread "http-nio-8085-Poller" daemon [_thread_in_native, id=2904, stack(0x0000002ec6d00000,0x0000002ec6e00000)]
  0x0000022eccfa40a0 JavaThread "http-nio-8085-Acceptor" daemon [_thread_in_native, id=24648, stack(0x0000002ec6e00000,0x0000002ec6f00000)]
  0x0000022eccfa1ef0 JavaThread "DestroyJavaVM" [_thread_blocked, id=14996, stack(0x0000002ec3300000,0x0000002ec3400000)]

Other Threads:
=>0x0000022ecc058a40 VMThread "VM Thread" [stack: 0x0000002ec3900000,0x0000002ec3a00000] [id=15800]
  0x0000022eb581db90 WatcherThread [stack: 0x0000002ec4c00000,0x0000002ec4d00000] [id=20952]
  0x0000022eb5803020 GCTaskThread "GC Thread#0" [stack: 0x0000002ec3400000,0x0000002ec3500000] [id=1896]
  0x0000022ecce3dc60 GCTaskThread "GC Thread#1" [stack: 0x0000002ec4d00000,0x0000002ec4e00000] [id=6808]
  0x0000022ecce3df10 GCTaskThread "GC Thread#2" [stack: 0x0000002ec4e00000,0x0000002ec4f00000] [id=6296]
  0x0000022ecce3b890 GCTaskThread "GC Thread#3" [stack: 0x0000002ec4f00000,0x0000002ec5000000] [id=13788]
  0x0000022ecce3bb40 GCTaskThread "GC Thread#4" [stack: 0x0000002ec5000000,0x0000002ec5100000] [id=2460]
  0x0000022ecce44330 GCTaskThread "GC Thread#5" [stack: 0x0000002ec5100000,0x0000002ec5200000] [id=6312]
  0x0000022eccdf4580 GCTaskThread "GC Thread#6" [stack: 0x0000002ec5200000,0x0000002ec5300000] [id=15032]
  0x0000022eccdf4830 GCTaskThread "GC Thread#7" [stack: 0x0000002ec5300000,0x0000002ec5400000] [id=832]
  0x0000022eb5815270 ConcurrentGCThread "G1 Main Marker" [stack: 0x0000002ec3500000,0x0000002ec3600000] [id=11148]
  0x0000022eb5816ba0 ConcurrentGCThread "G1 Conc#0" [stack: 0x0000002ec3600000,0x0000002ec3700000] [id=24328]
  0x0000022ecd4a63e0 ConcurrentGCThread "G1 Conc#1" [stack: 0x0000002ec5b00000,0x0000002ec5c00000] [id=10900]
  0x0000022eb584e370 ConcurrentGCThread "G1 Refine#0" [stack: 0x0000002ec3700000,0x0000002ec3800000] [id=10740]
  0x0000022ecce50770 ConcurrentGCThread "G1 Refine#1" [stack: 0x0000002ec5400000,0x0000002ec5500000] [id=22672]
  0x0000022ecce67de0 ConcurrentGCThread "G1 Refine#2" [stack: 0x0000002ec5500000,0x0000002ec5600000] [id=25484]
  0x0000022eb584eca0 ConcurrentGCThread "G1 Service" [stack: 0x0000002ec3800000,0x0000002ec3900000] [id=21400]

Threads with active compile tasks:

VM state: at safepoint (normal execution)

VM Mutex/Monitor currently owned by a thread:  ([mutex/lock_event])
[0x0000022eb5791970] Threads_lock - owner thread: 0x0000022ecc058a40

Heap address: 0x0000000703a00000, size: 4038 MB, Compressed Oops mode: Zero based, Oop shift amount: 3

CDS archive(s) not mapped
Compressed class space mapped at: 0x0000000800000000-0x0000000840000000, reserved size: 1073741824
Narrow klass base: 0x0000000800000000, Narrow klass shift: 0, Narrow klass range: 0x40000000

GC Precious Log:
 CPUs: 8 total, 8 available
 Memory: 16144M
 Large Page Support: Disabled
 NUMA Support: Disabled
 Compressed Oops: Enabled (Zero based)
 Heap Region Size: 2M
 Heap Min Capacity: 8M
 Heap Initial Capacity: 254M
 Heap Max Capacity: 4038M
 Pre-touch: Disabled
 Parallel Workers: 8
 Concurrent Workers: 2
 Concurrent Refinement Workers: 8
 Periodic GC: Disabled

Heap:
 garbage-first heap   total 116736K, used 38087K [0x0000000703a00000, 0x0000000800000000)
  region size 2048K, 6 young (12288K), 2 survivors (4096K)
 Metaspace       used 83896K, committed 84416K, reserved 1179648K
  class space    used 10842K, committed 11072K, reserved 1048576K

Heap Regions: E=young(eden), S=young(survivor), O=old, HS=humongous(starts), HC=humongous(continues), CS=collection set, F=free, OA=open archive, CA=closed archive, TAMS=top-at-mark-start (previous, next)
|   0|0x0000000703a00000, 0x0000000703c00000, 0x0000000703c00000|100%| O|  |TAMS 0x0000000703c00000, 0x0000000703a00000| Untracked 
|   1|0x0000000703c00000, 0x0000000703e00000, 0x0000000703e00000|100%| O|  |TAMS 0x0000000703e00000, 0x0000000703c00000| Untracked 
|   2|0x0000000703e00000, 0x0000000704000000, 0x0000000704000000|100%| O|  |TAMS 0x0000000704000000, 0x0000000703e00000| Untracked 
|   3|0x0000000704000000, 0x0000000704200000, 0x0000000704200000|100%| O|  |TAMS 0x0000000704200000, 0x0000000704000000| Untracked 
|   4|0x0000000704200000, 0x0000000704400000, 0x0000000704400000|100%| O|  |TAMS 0x0000000704400000, 0x0000000704200000| Untracked 
|   5|0x0000000704400000, 0x0000000704600000, 0x0000000704600000|100%| O|  |TAMS 0x0000000704600000, 0x0000000704400000| Untracked 
|   6|0x0000000704600000, 0x0000000704800000, 0x0000000704800000|100%| O|  |TAMS 0x0000000704600000, 0x0000000704600000| Untracked 
|   7|0x0000000704800000, 0x0000000704a00000, 0x0000000704a00000|100%| O|  |TAMS 0x0000000704a00000, 0x0000000704800000| Untracked 
|   8|0x0000000704a00000, 0x0000000704c00000, 0x0000000704c00000|100%| O|  |TAMS 0x0000000704a00000, 0x0000000704a00000| Untracked 
|   9|0x0000000704c00000, 0x0000000704e00000, 0x0000000704e00000|100%| O|  |TAMS 0x0000000704c00000, 0x0000000704c00000| Untracked 
|  10|0x0000000704e00000, 0x0000000705000000, 0x0000000705000000|100%| O|  |TAMS 0x0000000704e00000, 0x0000000704e00000| Untracked 
|  11|0x0000000705000000, 0x0000000705200000, 0x0000000705200000|100%| O|  |TAMS 0x0000000705000000, 0x0000000705000000| Untracked 
|  12|0x0000000705200000, 0x0000000705400000, 0x0000000705400000|100%| O|  |TAMS 0x0000000705200000, 0x0000000705200000| Untracked 
|  13|0x0000000705400000, 0x0000000705600000, 0x0000000705600000|100%| O|  |TAMS 0x0000000705400000, 0x0000000705400000| Untracked 
|  14|0x0000000705600000, 0x0000000705646a00, 0x0000000705800000| 13%| O|  |TAMS 0x0000000705600000, 0x0000000705600000| Untracked 
|  15|0x0000000705800000, 0x0000000705800000, 0x0000000705a00000|  0%| F|  |TAMS 0x0000000705800000, 0x0000000705800000| Untracked 
|  16|0x0000000705a00000, 0x0000000705a00000, 0x0000000705c00000|  0%| F|  |TAMS 0x0000000705a00000, 0x0000000705a00000| Untracked 
|  17|0x0000000705c00000, 0x0000000705c00000, 0x0000000705e00000|  0%| F|  |TAMS 0x0000000705c00000, 0x0000000705c00000| Untracked 
|  18|0x0000000705e00000, 0x0000000705e00000, 0x0000000706000000|  0%| F|  |TAMS 0x0000000705e00000, 0x0000000705e00000| Untracked 
|  19|0x0000000706000000, 0x0000000706000000, 0x0000000706200000|  0%| F|  |TAMS 0x0000000706000000, 0x0000000706000000| Untracked 
|  20|0x0000000706200000, 0x0000000706200000, 0x0000000706400000|  0%| F|  |TAMS 0x0000000706200000, 0x0000000706200000| Untracked 
|  21|0x0000000706400000, 0x0000000706400000, 0x0000000706600000|  0%| F|  |TAMS 0x0000000706400000, 0x0000000706400000| Untracked 
|  22|0x0000000706600000, 0x00000007066eb598, 0x0000000706800000| 45%| S|CS|TAMS 0x0000000706600000, 0x0000000706600000| Complete 
|  23|0x0000000706800000, 0x0000000706a00000, 0x0000000706a00000|100%| S|CS|TAMS 0x0000000706800000, 0x0000000706800000| Complete 
|  24|0x0000000706a00000, 0x0000000706a00000, 0x0000000706c00000|  0%| F|  |TAMS 0x0000000706a00000, 0x0000000706a00000| Untracked 
|  25|0x0000000706c00000, 0x0000000706c00000, 0x0000000706e00000|  0%| F|  |TAMS 0x0000000706c00000, 0x0000000706c00000| Untracked 
|  26|0x0000000706e00000, 0x0000000706e00000, 0x0000000707000000|  0%| F|  |TAMS 0x0000000706e00000, 0x0000000706e00000| Untracked 
|  27|0x0000000707000000, 0x0000000707000000, 0x0000000707200000|  0%| F|  |TAMS 0x0000000707000000, 0x0000000707000000| Untracked 
|  28|0x0000000707200000, 0x0000000707200000, 0x0000000707400000|  0%| F|  |TAMS 0x0000000707200000, 0x0000000707200000| Untracked 
|  29|0x0000000707400000, 0x0000000707400000, 0x0000000707600000|  0%| F|  |TAMS 0x0000000707400000, 0x0000000707400000| Untracked 
|  30|0x0000000707600000, 0x0000000707600000, 0x0000000707800000|  0%| F|  |TAMS 0x0000000707600000, 0x0000000707600000| Untracked 
|  31|0x0000000707800000, 0x0000000707800000, 0x0000000707a00000|  0%| F|  |TAMS 0x0000000707800000, 0x0000000707800000| Untracked 
|  32|0x0000000707a00000, 0x0000000707a00000, 0x0000000707c00000|  0%| F|  |TAMS 0x0000000707a00000, 0x0000000707a00000| Untracked 
|  33|0x0000000707c00000, 0x0000000707c00000, 0x0000000707e00000|  0%| F|  |TAMS 0x0000000707c00000, 0x0000000707c00000| Untracked 
|  34|0x0000000707e00000, 0x0000000707e00000, 0x0000000708000000|  0%| F|  |TAMS 0x0000000707e00000, 0x0000000707e00000| Untracked 
|  35|0x0000000708000000, 0x0000000708000000, 0x0000000708200000|  0%| F|  |TAMS 0x0000000708000000, 0x0000000708000000| Untracked 
|  36|0x0000000708200000, 0x0000000708200000, 0x0000000708400000|  0%| F|  |TAMS 0x0000000708200000, 0x0000000708200000| Untracked 
|  37|0x0000000708400000, 0x0000000708400000, 0x0000000708600000|  0%| F|  |TAMS 0x0000000708400000, 0x0000000708400000| Untracked 
|  38|0x0000000708600000, 0x0000000708600000, 0x0000000708800000|  0%| F|  |TAMS 0x0000000708600000, 0x0000000708600000| Untracked 
|  39|0x0000000708800000, 0x0000000708800000, 0x0000000708a00000|  0%| F|  |TAMS 0x0000000708800000, 0x0000000708800000| Untracked 
|  40|0x0000000708a00000, 0x0000000708a00000, 0x0000000708c00000|  0%| F|  |TAMS 0x0000000708a00000, 0x0000000708a00000| Untracked 
|  41|0x0000000708c00000, 0x0000000708c00000, 0x0000000708e00000|  0%| F|  |TAMS 0x0000000708c00000, 0x0000000708c00000| Untracked 
|  42|0x0000000708e00000, 0x0000000708e00000, 0x0000000709000000|  0%| F|  |TAMS 0x0000000708e00000, 0x0000000708e00000| Untracked 
|  43|0x0000000709000000, 0x0000000709000000, 0x0000000709200000|  0%| F|  |TAMS 0x0000000709000000, 0x0000000709000000| Untracked 
|  44|0x0000000709200000, 0x0000000709200000, 0x0000000709400000|  0%| F|  |TAMS 0x0000000709200000, 0x0000000709200000| Untracked 
|  45|0x0000000709400000, 0x0000000709400000, 0x0000000709600000|  0%| F|  |TAMS 0x0000000709400000, 0x0000000709400000| Untracked 
|  46|0x0000000709600000, 0x0000000709600000, 0x0000000709800000|  0%| F|  |TAMS 0x0000000709600000, 0x0000000709600000| Untracked 
|  47|0x0000000709800000, 0x0000000709800000, 0x0000000709a00000|  0%| F|  |TAMS 0x0000000709800000, 0x0000000709800000| Untracked 
|  48|0x0000000709a00000, 0x0000000709a00000, 0x0000000709c00000|  0%| F|  |TAMS 0x0000000709a00000, 0x0000000709a00000| Untracked 
|  49|0x0000000709c00000, 0x0000000709c00000, 0x0000000709e00000|  0%| F|  |TAMS 0x0000000709c00000, 0x0000000709c00000| Untracked 
|  50|0x0000000709e00000, 0x0000000709e00000, 0x000000070a000000|  0%| F|  |TAMS 0x0000000709e00000, 0x0000000709e00000| Untracked 
|  51|0x000000070a000000, 0x000000070a000000, 0x000000070a200000|  0%| F|  |TAMS 0x000000070a000000, 0x000000070a000000| Untracked 
|  52|0x000000070a200000, 0x000000070a200000, 0x000000070a400000|  0%| F|  |TAMS 0x000000070a200000, 0x000000070a200000| Untracked 
|  53|0x000000070a400000, 0x000000070a588cb8, 0x000000070a600000| 76%| E|  |TAMS 0x000000070a400000, 0x000000070a400000| Complete 
|  54|0x000000070a600000, 0x000000070a800000, 0x000000070a800000|100%| E|CS|TAMS 0x000000070a600000, 0x000000070a600000| Complete 
|  55|0x000000070a800000, 0x000000070aa00000, 0x000000070aa00000|100%| E|CS|TAMS 0x000000070a800000, 0x000000070a800000| Complete 
| 126|0x0000000713600000, 0x0000000713800000, 0x0000000713800000|100%| E|CS|TAMS 0x0000000713600000, 0x0000000713600000| Complete 

Card table byte_map: [0x0000022ebc740000,0x0000022ebcf30000] _byte_map_base: 0x0000022eb8f23000

Marking Bits (Prev, Next): (CMBitMap*) 0x0000022eb5803580, (CMBitMap*) 0x0000022eb5803540
 Prev Bits: [0x0000022ec1640000, 0x0000022ec5558000)
 Next Bits: [0x0000022ebd720000, 0x0000022ec1638000)

Polling page: 0x0000022eb36f0000

Metaspace:

Usage:
  Non-class:     71.34 MB used.
      Class:     10.59 MB used.
       Both:     81.93 MB used.

Virtual space:
  Non-class space:      128.00 MB reserved,      71.62 MB ( 56%) committed,  2 nodes.
      Class space:        1.00 GB reserved,      10.81 MB (  1%) committed,  1 nodes.
             Both:        1.12 GB reserved,      82.44 MB (  7%) committed. 

Chunk freelists:
   Non-Class:  7.94 MB
       Class:  5.19 MB
        Both:  13.13 MB

MaxMetaspaceSize: unlimited
CompressedClassSpaceSize: 1.00 GB
Initial GC threshold: 21.00 MB
Current GC threshold: 98.75 MB
CDS: off
MetaspaceReclaimPolicy: balanced
 - commit_granule_bytes: 65536.
 - commit_granule_words: 8192.
 - virtual_space_node_default_size: 8388608.
 - enlarge_chunks_in_place: 1.
 - new_chunks_are_fully_committed: 0.
 - uncommit_free_chunks: 1.
 - use_allocation_guard: 0.
 - handle_deallocations: 1.


Internal statistics:

num_allocs_failed_limit: 9.
num_arena_births: 838.
num_arena_deaths: 0.
num_vsnodes_births: 3.
num_vsnodes_deaths: 0.
num_space_committed: 1319.
num_space_uncommitted: 0.
num_chunks_returned_to_freelist: 9.
num_chunks_taken_from_freelist: 3362.
num_chunk_merges: 6.
num_chunk_splits: 2492.
num_chunks_enlarged: 1978.
num_inconsistent_stats: 0.

CodeCache: size=49152Kb used=12383Kb max_used=12952Kb free=36768Kb
 bounds [0x0000022eb8e40000, 0x0000022eb9af0000, 0x0000022ebbe40000]
 total_blobs=6944 nmethods=6217 adapters=654
 compilation: enabled
              stopped_count=0, restarted_count=0
 full_count=0

Compilation events (20 events):
Event: 133.867 Thread 0x0000022ecc0b3c50 6208       1       sun.nio.ch.SelectorImpl::ensureOpen (16 bytes)
Event: 133.867 Thread 0x0000022ecc0b3c50 nmethod 6208 0x0000022eb900df10 code [0x0000022eb900e0c0, 0x0000022eb900e208]
Event: 137.892 Thread 0x0000022ecc0b3c50 6209       1       org.apache.tomcat.util.net.SocketProperties::getTimeoutInterval (5 bytes)
Event: 137.892 Thread 0x0000022ecc0b3c50 nmethod 6209 0x0000022eb900dc10 code [0x0000022eb900dda0, 0x0000022eb900de78]
Event: 142.568 Thread 0x0000022ecc0b3c50 6210       1       java.util.concurrent.locks.AbstractQueuedSynchronizer::acquire (20 bytes)
Event: 142.569 Thread 0x0000022ecc0b3c50 nmethod 6210 0x0000022eb900d890 code [0x0000022eb900da40, 0x0000022eb900db98]
Event: 144.568 Thread 0x0000022ecc0b3c50 6211       1       java.util.concurrent.locks.LockSupport::parkNanos (29 bytes)
Event: 144.569 Thread 0x0000022ecc0b3c50 nmethod 6211 0x0000022eb900d410 code [0x0000022eb900d5c0, 0x0000022eb900d7c8]
Event: 144.976 Thread 0x0000022ecc0b3c50 6212       1       org.apache.catalina.valves.ValveBase::getNext (5 bytes)
Event: 144.976 Thread 0x0000022ecc0b3c50 nmethod 6212 0x0000022eb900d110 code [0x0000022eb900d2a0, 0x0000022eb900d378]
Event: 144.976 Thread 0x0000022ecc0b3c50 6213       1       org.apache.catalina.webresources.Cache$$Lambda$1476/0x0000000800a03050::applyAsLong (8 bytes)
Event: 144.977 Thread 0x0000022ecc0b3c50 nmethod 6213 0x0000022eb900cd90 code [0x0000022eb900cf20, 0x0000022eb900d038]
Event: 149.582 Thread 0x0000022ecc0b3c50 6214       1       java.util.concurrent.locks.AbstractQueuedSynchronizer$ConditionObject::awaitNanos (200 bytes)
Event: 149.585 Thread 0x0000022ecc0b3c50 nmethod 6214 0x0000022eb900bc90 code [0x0000022eb900bec0, 0x0000022eb900c7c8]
Event: 151.575 Thread 0x0000022ecc0b3c50 6216       1       java.util.concurrent.locks.AbstractQueuedSynchronizer::enqueue (60 bytes)
Event: 151.577 Thread 0x0000022ecc0b3c50 nmethod 6216 0x0000022eb900b510 code [0x0000022eb900b6c0, 0x0000022eb900bb08]
Event: 151.577 Thread 0x0000022ecc0b3c50 6215       1       java.util.concurrent.locks.AbstractQueuedSynchronizer$ConditionObject::doSignal (54 bytes)
Event: 151.577 Thread 0x0000022ecc0b3c50 nmethod 6215 0x0000022eb900af90 code [0x0000022eb900b140, 0x0000022eb900b3a8]
Event: 154.058 Thread 0x0000022ecc0b3c50 6217       1       java.lang.Math::min (12 bytes)
Event: 154.058 Thread 0x0000022ecc0b3c50 nmethod 6217 0x0000022eb900ac90 code [0x0000022eb900ae20, 0x0000022eb900aed8]

GC Heap History (20 events):
Event: 4.955 GC heap before
{Heap before GC invocations=14 (full 0):
 garbage-first heap   total 61440K, used 48264K [0x0000000703a00000, 0x0000000800000000)
  region size 2048K, 16 young (32768K), 1 survivors (2048K)
 Metaspace       used 43145K, committed 43648K, reserved 1114112K
  class space    used 5413K, committed 5632K, reserved 1048576K
}
Event: 4.958 GC heap after
{Heap after GC invocations=15 (full 0):
 garbage-first heap   total 161792K, used 18792K [0x0000000703a00000, 0x0000000800000000)
  region size 2048K, 2 young (4096K), 2 survivors (4096K)
 Metaspace       used 43145K, committed 43648K, reserved 1114112K
  class space    used 5413K, committed 5632K, reserved 1048576K
}
Event: 5.967 GC heap before
{Heap before GC invocations=15 (full 0):
 garbage-first heap   total 161792K, used 110952K [0x0000000703a00000, 0x0000000800000000)
  region size 2048K, 47 young (96256K), 2 survivors (4096K)
 Metaspace       used 52014K, committed 52480K, reserved 1114112K
  class space    used 6601K, committed 6848K, reserved 1048576K
}
Event: 5.972 GC heap after
{Heap after GC invocations=16 (full 0):
 garbage-first heap   total 161792K, used 21456K [0x0000000703a00000, 0x0000000800000000)
  region size 2048K, 3 young (6144K), 3 survivors (6144K)
 Metaspace       used 52014K, committed 52480K, reserved 1114112K
  class space    used 6601K, committed 6848K, reserved 1048576K
}
Event: 6.691 GC heap before
{Heap before GC invocations=16 (full 0):
 garbage-first heap   total 161792K, used 82896K [0x0000000703a00000, 0x0000000800000000)
  region size 2048K, 34 young (69632K), 3 survivors (6144K)
 Metaspace       used 59974K, committed 60416K, reserved 1114112K
  class space    used 7659K, committed 7872K, reserved 1048576K
}
Event: 6.696 GC heap after
{Heap after GC invocations=17 (full 0):
 garbage-first heap   total 161792K, used 23326K [0x0000000703a00000, 0x0000000800000000)
  region size 2048K, 4 young (8192K), 4 survivors (8192K)
 Metaspace       used 59974K, committed 60416K, reserved 1114112K
  class space    used 7659K, committed 7872K, reserved 1048576K
}
Event: 7.151 GC heap before
{Heap before GC invocations=18 (full 0):
 garbage-first heap   total 90112K, used 68382K [0x0000000703a00000, 0x0000000800000000)
  region size 2048K, 26 young (53248K), 4 survivors (8192K)
 Metaspace       used 64840K, committed 65344K, reserved 1114112K
  class space    used 8523K, committed 8768K, reserved 1048576K
}
Event: 7.156 GC heap after
{Heap after GC invocations=19 (full 0):
 garbage-first heap   total 90112K, used 24330K [0x0000000703a00000, 0x0000000800000000)
  region size 2048K, 2 young (4096K), 2 survivors (4096K)
 Metaspace       used 64840K, committed 65344K, reserved 1114112K
  class space    used 8523K, committed 8768K, reserved 1048576K
}
Event: 7.186 GC heap before
{Heap before GC invocations=19 (full 0):
 garbage-first heap   total 90112K, used 26378K [0x0000000703a00000, 0x0000000800000000)
  region size 2048K, 3 young (6144K), 2 survivors (4096K)
 Metaspace       used 65004K, committed 65536K, reserved 1114112K
  class space    used 8553K, committed 8832K, reserved 1048576K
}
Event: 7.189 GC heap after
{Heap after GC invocations=20 (full 0):
 garbage-first heap   total 90112K, used 24368K [0x0000000703a00000, 0x0000000800000000)
  region size 2048K, 1 young (2048K), 1 survivors (2048K)
 Metaspace       used 65004K, committed 65536K, reserved 1114112K
  class space    used 8553K, committed 8832K, reserved 1048576K
}
Event: 7.717 GC heap before
{Heap before GC invocations=20 (full 0):
 garbage-first heap   total 90112K, used 71472K [0x0000000703a00000, 0x0000000800000000)
  region size 2048K, 24 young (49152K), 1 survivors (2048K)
 Metaspace       used 69332K, committed 69888K, reserved 1114112K
  class space    used 9187K, committed 9408K, reserved 1048576K
}
Event: 7.720 GC heap after
{Heap after GC invocations=21 (full 0):
 garbage-first heap   total 90112K, used 25805K [0x0000000703a00000, 0x0000000800000000)
  region size 2048K, 2 young (4096K), 2 survivors (4096K)
 Metaspace       used 69332K, committed 69888K, reserved 1114112K
  class space    used 9187K, committed 9408K, reserved 1048576K
}
Event: 8.200 GC heap before
{Heap before GC invocations=21 (full 0):
 garbage-first heap   total 90112K, used 70861K [0x0000000703a00000, 0x0000000800000000)
  region size 2048K, 24 young (49152K), 2 survivors (4096K)
 Metaspace       used 72811K, committed 73280K, reserved 1114112K
  class space    used 9695K, committed 9920K, reserved 1048576K
}
Event: 8.204 GC heap after
{Heap after GC invocations=22 (full 0):
 garbage-first heap   total 90112K, used 27401K [0x0000000703a00000, 0x0000000800000000)
  region size 2048K, 3 young (6144K), 3 survivors (6144K)
 Metaspace       used 72811K, committed 73280K, reserved 1114112K
  class space    used 9695K, committed 9920K, reserved 1048576K
}
Event: 17.029 GC heap before
{Heap before GC invocations=22 (full 0):
 garbage-first heap   total 90112K, used 70409K [0x0000000703a00000, 0x0000000800000000)
  region size 2048K, 24 young (49152K), 3 survivors (6144K)
 Metaspace       used 76350K, committed 76928K, reserved 1179648K
  class space    used 10156K, committed 10432K, reserved 1048576K
}
Event: 17.035 GC heap after
{Heap after GC invocations=23 (full 0):
 garbage-first heap   total 90112K, used 29127K [0x0000000703a00000, 0x0000000800000000)
  region size 2048K, 2 young (4096K), 2 survivors (4096K)
 Metaspace       used 76350K, committed 76928K, reserved 1179648K
  class space    used 10156K, committed 10432K, reserved 1048576K
}
Event: 17.354 GC heap before
{Heap before GC invocations=23 (full 0):
 garbage-first heap   total 90112K, used 70087K [0x0000000703a00000, 0x0000000800000000)
  region size 2048K, 23 young (47104K), 2 survivors (4096K)
 Metaspace       used 79834K, committed 80384K, reserved 1179648K
  class space    used 10440K, committed 10688K, reserved 1048576K
}
Event: 17.358 GC heap after
{Heap after GC invocations=24 (full 0):
 garbage-first heap   total 90112K, used 30738K [0x0000000703a00000, 0x0000000800000000)
  region size 2048K, 2 young (4096K), 2 survivors (4096K)
 Metaspace       used 79834K, committed 80384K, reserved 1179648K
  class space    used 10440K, committed 10688K, reserved 1048576K
}
Event: 17.767 GC heap before
{Heap before GC invocations=24 (full 0):
 garbage-first heap   total 90112K, used 69650K [0x0000000703a00000, 0x0000000800000000)
  region size 2048K, 22 young (45056K), 2 survivors (4096K)
 Metaspace       used 83272K, committed 83840K, reserved 1179648K
  class space    used 10779K, committed 11008K, reserved 1048576K
}
Event: 17.771 GC heap after
{Heap after GC invocations=25 (full 0):
 garbage-first heap   total 116736K, used 31943K [0x0000000703a00000, 0x0000000800000000)
  region size 2048K, 2 young (4096K), 2 survivors (4096K)
 Metaspace       used 83272K, committed 83840K, reserved 1179648K
  class space    used 10779K, committed 11008K, reserved 1048576K
}

Dll operation events (11 events):
Event: 0.022 Loaded shared library C:\Users\AmrendraKumar\.p2\pool\plugins\org.eclipse.justj.openjdk.hotspot.jre.full.win32.x86_64_17.0.7.v20230425-1502\jre\bin\java.dll
Event: 0.387 Loaded shared library C:\Users\AmrendraKumar\.p2\pool\plugins\org.eclipse.justj.openjdk.hotspot.jre.full.win32.x86_64_17.0.7.v20230425-1502\jre\bin\zip.dll
Event: 0.391 Loaded shared library C:\Users\AmrendraKumar\.p2\pool\plugins\org.eclipse.justj.openjdk.hotspot.jre.full.win32.x86_64_17.0.7.v20230425-1502\jre\bin\instrument.dll
Event: 0.412 Loaded shared library C:\Users\AmrendraKumar\.p2\pool\plugins\org.eclipse.justj.openjdk.hotspot.jre.full.win32.x86_64_17.0.7.v20230425-1502\jre\bin\net.dll
Event: 0.415 Loaded shared library C:\Users\AmrendraKumar\.p2\pool\plugins\org.eclipse.justj.openjdk.hotspot.jre.full.win32.x86_64_17.0.7.v20230425-1502\jre\bin\nio.dll
Event: 0.425 Loaded shared library C:\Users\AmrendraKumar\.p2\pool\plugins\org.eclipse.justj.openjdk.hotspot.jre.full.win32.x86_64_17.0.7.v20230425-1502\jre\bin\zip.dll
Event: 0.685 Loaded shared library C:\Users\AmrendraKumar\.p2\pool\plugins\org.eclipse.justj.openjdk.hotspot.jre.full.win32.x86_64_17.0.7.v20230425-1502\jre\bin\jimage.dll
Event: 0.746 Loaded shared library C:\Users\AmrendraKumar\.p2\pool\plugins\org.eclipse.justj.openjdk.hotspot.jre.full.win32.x86_64_17.0.7.v20230425-1502\jre\bin\management.dll
Event: 0.761 Loaded shared library C:\Users\AmrendraKumar\.p2\pool\plugins\org.eclipse.justj.openjdk.hotspot.jre.full.win32.x86_64_17.0.7.v20230425-1502\jre\bin\management_ext.dll
Event: 1.092 Loaded shared library C:\Users\AmrendraKumar\.p2\pool\plugins\org.eclipse.justj.openjdk.hotspot.jre.full.win32.x86_64_17.0.7.v20230425-1502\jre\bin\verify.dll
Event: 4.527 Loaded shared library C:\Users\AmrendraKumar\.p2\pool\plugins\org.eclipse.justj.openjdk.hotspot.jre.full.win32.x86_64_17.0.7.v20230425-1502\jre\bin\sunmscapi.dll

Deoptimization events (20 events):
Event: 17.086 Thread 0x0000022eccfa0210 DEOPT PACKING pc=0x0000022eb925b4fc sp=0x0000002ec63fcaa0
Event: 17.086 Thread 0x0000022eccfa0210 DEOPT UNPACKING pc=0x0000022eb8e97143 sp=0x0000002ec63fbf58 mode 1
Event: 17.209 Thread 0x0000022eccfa0210 DEOPT PACKING pc=0x0000022eb9266fe4 sp=0x0000002ec63fc200
Event: 17.209 Thread 0x0000022eccfa0210 DEOPT UNPACKING pc=0x0000022eb8e97143 sp=0x0000002ec63fb698 mode 1
Event: 17.209 Thread 0x0000022eccfa0210 DEOPT PACKING pc=0x0000022eb925b4fc sp=0x0000002ec63fc2d0
Event: 17.209 Thread 0x0000022eccfa0210 DEOPT UNPACKING pc=0x0000022eb8e97143 sp=0x0000002ec63fb788 mode 1
Event: 17.225 Thread 0x0000022eccfa0210 DEOPT PACKING pc=0x0000022eb9266fe4 sp=0x0000002ec63fc350
Event: 17.225 Thread 0x0000022eccfa0210 DEOPT UNPACKING pc=0x0000022eb8e97143 sp=0x0000002ec63fb7e8 mode 1
Event: 17.225 Thread 0x0000022eccfa0210 DEOPT PACKING pc=0x0000022eb925b4fc sp=0x0000002ec63fc420
Event: 17.225 Thread 0x0000022eccfa0210 DEOPT UNPACKING pc=0x0000022eb8e97143 sp=0x0000002ec63fb8d8 mode 1
Event: 17.226 Thread 0x0000022eccfa0210 DEOPT PACKING pc=0x0000022eb9266fe4 sp=0x0000002ec63fc4a0
Event: 17.226 Thread 0x0000022eccfa0210 DEOPT UNPACKING pc=0x0000022eb8e97143 sp=0x0000002ec63fb938 mode 1
Event: 17.226 Thread 0x0000022eccfa0210 DEOPT PACKING pc=0x0000022eb925b4fc sp=0x0000002ec63fc570
Event: 17.226 Thread 0x0000022eccfa0210 DEOPT UNPACKING pc=0x0000022eb8e97143 sp=0x0000002ec63fba28 mode 1
Event: 17.692 Thread 0x0000022eccfa0210 DEOPT PACKING pc=0x0000022eb90762f6 sp=0x0000002ec63fb930
Event: 17.692 Thread 0x0000022eccfa0210 DEOPT UNPACKING pc=0x0000022eb8e97143 sp=0x0000002ec63fb098 mode 3
Event: 17.874 Thread 0x0000022eccfa0210 DEOPT PACKING pc=0x0000022eb93bb1ec sp=0x0000002ec63fc030
Event: 17.874 Thread 0x0000022eccfa0210 DEOPT UNPACKING pc=0x0000022eb8e97143 sp=0x0000002ec63fb560 mode 1
Event: 17.874 Thread 0x0000022eccfa0210 DEOPT PACKING pc=0x0000022eb99203dc sp=0x0000002ec63fc140
Event: 17.874 Thread 0x0000022eccfa0210 DEOPT UNPACKING pc=0x0000022eb8e97143 sp=0x0000002ec63fb698 mode 1

Classes unloaded (0 events):
No events

Classes redefined (0 events):
No events

Internal exceptions (20 events):
Event: 7.822 Thread 0x0000022ecd3306c0 Exception <a 'java/lang/reflect/InvocationTargetException'{0x00000007087bf328}> (0x00000007087bf328) 
thrown [s\src\hotspot\share\runtime\reflection.cpp, line 1121]
Event: 7.852 Thread 0x0000022eb5798dd0 Exception <a 'java/lang/IncompatibleClassChangeError'{0x0000000708237f68}: Found class java.lang.Object, but interface was expected> (0x0000000708237f68) 
thrown [s\src\hotspot\share\interpreter\linkResolver.cpp, line 826]
Event: 7.932 Thread 0x0000022eb5798dd0 Exception <a 'java/lang/reflect/InvocationTargetException'{0x0000000707885378}> (0x0000000707885378) 
thrown [s\src\hotspot\share\runtime\reflection.cpp, line 1121]
Event: 7.944 Thread 0x0000022eb5798dd0 Exception <a 'java/lang/NoSuchMethodError'{0x00000007079758e0}: 'int java.lang.invoke.DirectMethodHandle$Holder.invokeStatic(java.lang.Object, java.lang.Object, int)'> (0x00000007079758e0) 
thrown [s\src\hotspot\share\interpreter\linkResolver.cpp, line 759]
Event: 7.947 Thread 0x0000022eb5798dd0 Exception <a 'java/lang/NoSuchMethodError'{0x00000007079a7678}: 'java.lang.Object java.lang.invoke.DirectMethodHandle$Holder.newInvokeSpecial(java.lang.Object, java.lang.Object, int)'> (0x00000007079a7678) 
thrown [s\src\hotspot\share\interpreter\linkResolver.cpp, line 759]
Event: 7.951 Thread 0x0000022eb5798dd0 Exception <a 'java/lang/NoSuchMethodError'{0x00000007079f3730}: 'java.lang.Object java.lang.invoke.Invokers$Holder.invoke_MT(java.lang.Object, java.lang.Object, java.lang.Object, java.lang.Object, java.lang.Object, java.lang.Object, java.lang.Object, java.lang.Object, java.lang.Object)'> (0x00000007079f3730) 
thrown [s\src\hotspot\share\interpreter\linkResolver.cpp, line 759]
Event: 7.954 Thread 0x0000022eb5798dd0 Exception <a 'java/lang/IncompatibleClassChangeError'{0x00000007076287e8}: Found class java.lang.Object, but interface was expected> (0x00000007076287e8) 
thrown [s\src\hotspot\share\interpreter\linkResolver.cpp, line 826]
Event: 7.954 Thread 0x0000022eb5798dd0 Exception <a 'java/lang/IncompatibleClassChangeError'{0x000000070762f068}: Found class java.lang.Object, but interface was expected> (0x000000070762f068) 
thrown [s\src\hotspot\share\interpreter\linkResolver.cpp, line 826]
Event: 8.012 Thread 0x0000022eb5798dd0 Exception <a 'java/lang/reflect/InvocationTargetException'{0x00000007072ce568}> (0x00000007072ce568) 
thrown [s\src\hotspot\share\runtime\reflection.cpp, line 1121]
Event: 8.120 Thread 0x0000022eb5798dd0 Exception <a 'java/lang/NoSuchMethodError'{0x0000000706a6f0e0}: 'void java.lang.invoke.DirectMethodHandle$Holder.invokeVirtual(java.lang.Object, java.lang.Object, java.lang.Object, java.lang.Object)'> (0x0000000706a6f0e0) 
thrown [s\src\hotspot\share\interpreter\linkResolver.cpp, line 759]
Event: 8.253 Thread 0x0000022eb5798dd0 Exception <a 'java/lang/NoSuchMethodError'{0x00000007096323c8}: 'void java.lang.invoke.DirectMethodHandle$Holder.invokeVirtual(java.lang.Object, java.lang.Object, long)'> (0x00000007096323c8) 
thrown [s\src\hotspot\share\interpreter\linkResolver.cpp, line 759]
Event: 8.325 Thread 0x0000022ecd3306c0 Exception <a 'java/lang/reflect/InvocationTargetException'{0x00000007086d77c0}> (0x00000007086d77c0) 
thrown [s\src\hotspot\share\runtime\reflection.cpp, line 1121]
Event: 8.412 Thread 0x0000022eb5798dd0 Exception <a 'java/lang/IncompatibleClassChangeError'{0x00000007081460f8}: Found class java.lang.Object, but interface was expected> (0x00000007081460f8) 
thrown [s\src\hotspot\share\interpreter\linkResolver.cpp, line 826]
Event: 8.530 Thread 0x0000022eb5798dd0 Exception <a 'java/lang/NoSuchMethodError'{0x0000000707683de0}: 'java.lang.Object java.lang.invoke.DirectMethodHandle$Holder.newInvokeSpecial(java.lang.Object, java.lang.Object, int, java.lang.Object, java.lang.Object)'> (0x0000000707683de0) 
thrown [s\src\hotspot\share\interpreter\linkResolver.cpp, line 759]
Event: 8.531 Thread 0x0000022eb5798dd0 Exception <a 'java/lang/NoSuchMethodError'{0x000000070768f180}: 'java.lang.Object java.lang.invoke.DirectMethodHandle$Holder.invokeSpecial(java.lang.Object, java.lang.Object, int, java.lang.Object, int, java.lang.Object)'> (0x000000070768f180) 
thrown [s\src\hotspot\share\interpreter\linkResolver.cpp, line 759]
Event: 8.531 Thread 0x0000022eb5798dd0 Exception <a 'java/lang/NoSuchMethodError'{0x0000000707696f88}: 'java.lang.Object java.lang.invoke.DirectMethodHandle$Holder.newInvokeSpecial(java.lang.Object, java.lang.Object, int, java.lang.Object, int)'> (0x0000000707696f88) 
thrown [s\src\hotspot\share\interpreter\linkResolver.cpp, line 759]
Event: 8.532 Thread 0x0000022eb5798dd0 Exception <a 'java/lang/NoSuchMethodError'{0x000000070769b088}: 'java.lang.Object java.lang.invoke.DirectMethodHandle$Holder.invokeSpecial(java.lang.Object, java.lang.Object, java.lang.Object, int, java.lang.Object, int)'> (0x000000070769b088) 
thrown [s\src\hotspot\share\interpreter\linkResolver.cpp, line 759]
Event: 16.958 Thread 0x0000022eccfa0210 Exception <a 'java/lang/NoSuchMethodError'{0x0000000706f2b470}: 'java.lang.Object java.lang.invoke.DirectMethodHandle$Holder.invokeSpecial(java.lang.Object, java.lang.Object, java.lang.Object, java.lang.Object, java.lang.Object, long)'> (0x0000000706f2b470) 
thrown [s\src\hotspot\share\interpreter\linkResolver.cpp, line 759]
Event: 16.958 Thread 0x0000022eccfa0210 Exception <a 'java/lang/NoSuchMethodError'{0x0000000706f2eeb0}: 'java.lang.Object java.lang.invoke.Invokers$Holder.linkToTargetMethod(java.lang.Object, java.lang.Object, java.lang.Object, long, java.lang.Object)'> (0x0000000706f2eeb0) 
thrown [s\src\hotspot\share\interpreter\linkResolver.cpp, line 759]
Event: 17.692 Thread 0x0000022eccfa0210 Implicit null exception at 0x0000022eb9073b21 to 0x0000022eb90762f1

VM Operations (20 events):
Event: 17.132 Executing VM operation: HandshakeAllThreads done
Event: 17.177 Executing VM operation: HandshakeAllThreads
Event: 17.177 Executing VM operation: HandshakeAllThreads done
Event: 17.354 Executing VM operation: G1CollectForAllocation
Event: 17.358 Executing VM operation: G1CollectForAllocation done
Event: 17.652 Executing VM operation: HandshakeAllThreads
Event: 17.652 Executing VM operation: HandshakeAllThreads done
Event: 17.767 Executing VM operation: G1CollectForAllocation
Event: 17.771 Executing VM operation: G1CollectForAllocation done
Event: 18.004 Executing VM operation: HandshakeAllThreads
Event: 18.004 Executing VM operation: HandshakeAllThreads done
Event: 19.007 Executing VM operation: Cleanup
Event: 19.007 Executing VM operation: Cleanup done
Event: 62.273 Executing VM operation: Cleanup
Event: 62.274 Executing VM operation: Cleanup done
Event: 76.371 Executing VM operation: Cleanup
Event: 76.371 Executing VM operation: Cleanup done
Event: 143.912 Executing VM operation: Cleanup
Event: 143.912 Executing VM operation: Cleanup done
Event: 161.408 Executing VM operation: RedefineClasses

Events (20 events):
Event: 17.660 loading class java/util/stream/Nodes$IntArrayNode done
Event: 17.660 loading class java/util/stream/Nodes$IntFixedNodeBuilder done
Event: 17.660 loading class java/util/stream/ReferencePipeline$4$1
Event: 17.660 loading class java/util/stream/ReferencePipeline$4$1 done
Event: 17.811 loading class java/util/Hashtable$ValueCollection
Event: 17.812 loading class java/util/Hashtable$ValueCollection done
Event: 17.841 loading class java/net/URLClassLoader$1
Event: 17.841 loading class java/net/URLClassLoader$1 done
Event: 17.872 loading class java/io/WriteAbortedException
Event: 17.872 loading class java/io/WriteAbortedException done
Event: 17.873 loading class sun/security/provider/SecureRandom
Event: 17.873 loading class sun/security/provider/SecureRandom done
Event: 17.874 loading class sun/security/provider/SecureRandom$SeederHolder
Event: 17.874 loading class sun/security/provider/SecureRandom$SeederHolder done
Event: 17.991 loading class java/text/FieldPosition$Delegate
Event: 17.991 loading class java/text/FieldPosition$Delegate done
Event: 17.991 loading class java/text/NumberFormat$Field
Event: 17.992 loading class java/text/NumberFormat$Field done
Event: 23.012 Thread 0x0000022ecc17bc20 Thread exited: 0x0000022ecc17bc20
Event: 91.579 Thread 0x0000022ecd319d40 Thread exited: 0x0000022ecd319d40


Dynamic libraries:
0x00007ff68efd0000 - 0x00007ff68efde000 	C:\Users\AmrendraKumar\.p2\pool\plugins\org.eclipse.justj.openjdk.hotspot.jre.full.win32.x86_64_17.0.7.v20230425-1502\jre\bin\javaw.exe
0x00007ffdf1f70000 - 0x00007ffdf2168000 	C:\Windows\SYSTEM32\ntdll.dll
0x00007ffdf1e70000 - 0x00007ffdf1f2d000 	C:\Windows\System32\KERNEL32.DLL
0x00007ffdefca0000 - 0x00007ffdeff96000 	C:\Windows\System32\KERNELBASE.dll
0x00007ffdef290000 - 0x00007ffdef3b0000 	C:\Windows\system32\hmpalert.dll
0x00007ffdef8a0000 - 0x00007ffdef9a0000 	C:\Windows\System32\ucrtbase.dll
0x00007ffdc01e0000 - 0x00007ffdc01f7000 	C:\Users\AmrendraKumar\.p2\pool\plugins\org.eclipse.justj.openjdk.hotspot.jre.full.win32.x86_64_17.0.7.v20230425-1502\jre\bin\jli.dll
0x00007ffdc5aa0000 - 0x00007ffdc5ab9000 	C:\Users\AmrendraKumar\.p2\pool\plugins\org.eclipse.justj.openjdk.hotspot.jre.full.win32.x86_64_17.0.7.v20230425-1502\jre\bin\VCRUNTIME140.dll
0x00007ffdf1570000 - 0x00007ffdf170e000 	C:\Windows\System32\USER32.dll
0x00007ffdefb00000 - 0x00007ffdefb22000 	C:\Windows\System32\win32u.dll
0x00007ffdf0960000 - 0x00007ffdf098b000 	C:\Windows\System32\GDI32.dll
0x00007ffdefb30000 - 0x00007ffdefc47000 	C:\Windows\System32\gdi32full.dll
0x00007ffdef9a0000 - 0x00007ffdefa3d000 	C:\Windows\System32\msvcp_win.dll
0x00007ffdd9e30000 - 0x00007ffdda0ca000 	C:\Windows\WinSxS\amd64_microsoft.windows.common-controls_6595b64144ccf1df_6.0.19041.3636_none_60b6a03d71f818d5\COMCTL32.dll
0x00007ffdf07f0000 - 0x00007ffdf088e000 	C:\Windows\System32\msvcrt.dll
0x00007ffdeffa0000 - 0x00007ffdeffd2000 	C:\Windows\System32\IMM32.DLL
0x00007ffdd9510000 - 0x00007ffdd951c000 	C:\Users\AmrendraKumar\.p2\pool\plugins\org.eclipse.justj.openjdk.hotspot.jre.full.win32.x86_64_17.0.7.v20230425-1502\jre\bin\vcruntime140_1.dll
0x00007ffd8ae20000 - 0x00007ffd8aeb1000 	C:\Users\AmrendraKumar\.p2\pool\plugins\org.eclipse.justj.openjdk.hotspot.jre.full.win32.x86_64_17.0.7.v20230425-1502\jre\bin\msvcp140.dll
0x00007ffd372c0000 - 0x00007ffd37f08000 	C:\Users\AmrendraKumar\.p2\pool\plugins\org.eclipse.justj.openjdk.hotspot.jre.full.win32.x86_64_17.0.7.v20230425-1502\jre\bin\server\jvm.dll
0x00007ffdf1a80000 - 0x00007ffdf1b30000 	C:\Windows\System32\ADVAPI32.dll
0x00007ffdf1b30000 - 0x00007ffdf1bd0000 	C:\Windows\System32\sechost.dll
0x00007ffdf1440000 - 0x00007ffdf1565000 	C:\Windows\System32\RPCRT4.dll
0x00007ffdefad0000 - 0x00007ffdefaf7000 	C:\Windows\System32\bcrypt.dll
0x00007ffdcfc50000 - 0x00007ffdcfc77000 	C:\Windows\SYSTEM32\WINMM.dll
0x00007ffdbba50000 - 0x00007ffdbba59000 	C:\Windows\SYSTEM32\WSOCK32.dll
0x00007ffdf0990000 - 0x00007ffdf09fb000 	C:\Windows\System32\WS2_32.dll
0x00007ffde9990000 - 0x00007ffde999a000 	C:\Windows\SYSTEM32\VERSION.dll
0x00007ffdedb70000 - 0x00007ffdedb82000 	C:\Windows\SYSTEM32\kernel.appcore.dll
0x00007ffdd61a0000 - 0x00007ffdd61aa000 	C:\Users\AmrendraKumar\.p2\pool\plugins\org.eclipse.justj.openjdk.hotspot.jre.full.win32.x86_64_17.0.7.v20230425-1502\jre\bin\jimage.dll
0x00007ffde7260000 - 0x00007ffde7444000 	C:\Windows\SYSTEM32\DBGHELP.DLL
0x00007ffde7220000 - 0x00007ffde7254000 	C:\Windows\SYSTEM32\dbgcore.DLL
0x00007ffdefa40000 - 0x00007ffdefac2000 	C:\Windows\System32\bcryptPrimitives.dll
0x00007ffde94d0000 - 0x00007ffde950b000 	C:\Users\AmrendraKumar\.p2\pool\plugins\org.eclipse.justj.openjdk.hotspot.jre.full.win32.x86_64_17.0.7.v20230425-1502\jre\bin\jdwp.dll
0x00007ffdd41e0000 - 0x00007ffdd41ee000 	C:\Users\AmrendraKumar\.p2\pool\plugins\org.eclipse.justj.openjdk.hotspot.jre.full.win32.x86_64_17.0.7.v20230425-1502\jre\bin\instrument.dll
0x00007ffdcc890000 - 0x00007ffdcc8b5000 	C:\Users\AmrendraKumar\.p2\pool\plugins\org.eclipse.justj.openjdk.hotspot.jre.full.win32.x86_64_17.0.7.v20230425-1502\jre\bin\java.dll
0x00007ffdbfc20000 - 0x00007ffdbfc38000 	C:\Users\AmrendraKumar\.p2\pool\plugins\org.eclipse.justj.openjdk.hotspot.jre.full.win32.x86_64_17.0.7.v20230425-1502\jre\bin\zip.dll
0x00007ffdf0b50000 - 0x00007ffdf12bb000 	C:\Windows\System32\SHELL32.dll
0x00007ffded270000 - 0x00007ffdeda0e000 	C:\Windows\SYSTEM32\windows.storage.dll
0x00007ffdf1720000 - 0x00007ffdf1a73000 	C:\Windows\System32\combase.dll
0x00007ffdeeec0000 - 0x00007ffdeeeee000 	C:\Windows\SYSTEM32\Wldp.dll
0x00007ffdf0890000 - 0x00007ffdf095d000 	C:\Windows\System32\OLEAUT32.dll
0x00007ffdf1ce0000 - 0x00007ffdf1d8d000 	C:\Windows\System32\SHCORE.dll
0x00007ffdf0790000 - 0x00007ffdf07e5000 	C:\Windows\System32\shlwapi.dll
0x00007ffdef550000 - 0x00007ffdef575000 	C:\Windows\SYSTEM32\profapi.dll
0x00007ffdec970000 - 0x00007ffdec97c000 	C:\Users\AmrendraKumar\.p2\pool\plugins\org.eclipse.justj.openjdk.hotspot.jre.full.win32.x86_64_17.0.7.v20230425-1502\jre\bin\dt_socket.dll
0x00007ffdee8b0000 - 0x00007ffdee8eb000 	C:\Windows\SYSTEM32\IPHLPAPI.DLL
0x00007ffdeec20000 - 0x00007ffdeec8a000 	C:\Windows\system32\mswsock.dll
0x00007ffdee900000 - 0x00007ffdee9cb000 	C:\Windows\SYSTEM32\DNSAPI.dll
0x00007ffdf1710000 - 0x00007ffdf1718000 	C:\Windows\System32\NSI.dll
0x00007ffde8cd0000 - 0x00007ffde8cda000 	C:\Windows\System32\rasadhlp.dll
0x00007ffde6910000 - 0x00007ffde6990000 	C:\Windows\System32\fwpuclnt.dll
0x00007ffdbfbb0000 - 0x00007ffdbfbc9000 	C:\Users\AmrendraKumar\.p2\pool\plugins\org.eclipse.justj.openjdk.hotspot.jre.full.win32.x86_64_17.0.7.v20230425-1502\jre\bin\net.dll
0x00007ffdee470000 - 0x00007ffdee57a000 	C:\Windows\SYSTEM32\WINHTTP.dll
0x00007ffdbe5b0000 - 0x00007ffdbe5c5000 	C:\Users\AmrendraKumar\.p2\pool\plugins\org.eclipse.justj.openjdk.hotspot.jre.full.win32.x86_64_17.0.7.v20230425-1502\jre\bin\nio.dll
0x00007ffdd9520000 - 0x00007ffdd9529000 	C:\Users\AmrendraKumar\.p2\pool\plugins\org.eclipse.justj.openjdk.hotspot.jre.full.win32.x86_64_17.0.7.v20230425-1502\jre\bin\management.dll
0x00007ffdcdeb0000 - 0x00007ffdcdebb000 	C:\Users\AmrendraKumar\.p2\pool\plugins\org.eclipse.justj.openjdk.hotspot.jre.full.win32.x86_64_17.0.7.v20230425-1502\jre\bin\management_ext.dll
0x00007ffdf0b30000 - 0x00007ffdf0b38000 	C:\Windows\System32\PSAPI.DLL
0x00007ffdca2b0000 - 0x00007ffdca2c7000 	C:\Windows\system32\napinsp.dll
0x00007ffdc8a20000 - 0x00007ffdc8a3b000 	C:\Windows\system32\pnrpnsp.dll
0x00007ffdc8a00000 - 0x00007ffdc8a15000 	C:\Windows\system32\wshbth.dll
0x00007ffdebba0000 - 0x00007ffdebbbd000 	C:\Windows\system32\NLAapi.dll
0x00007ffdc8970000 - 0x00007ffdc8982000 	C:\Windows\System32\winrnr.dll
0x00007ffdeee10000 - 0x00007ffdeee28000 	C:\Windows\SYSTEM32\CRYPTSP.dll
0x00007ffdee3e0000 - 0x00007ffdee414000 	C:\Windows\system32\rsaenh.dll
0x00007ffdef4d0000 - 0x00007ffdef4fe000 	C:\Windows\SYSTEM32\USERENV.dll
0x00007ffdeee30000 - 0x00007ffdeee3c000 	C:\Windows\SYSTEM32\CRYPTBASE.dll
0x00007ffde7a00000 - 0x00007ffde7a17000 	C:\Windows\SYSTEM32\dhcpcsvc6.DLL
0x00007ffde7ed0000 - 0x00007ffde7eed000 	C:\Windows\SYSTEM32\dhcpcsvc.DLL
0x00007ffdd41d0000 - 0x00007ffdd41e0000 	C:\Users\AmrendraKumar\.p2\pool\plugins\org.eclipse.justj.openjdk.hotspot.jre.full.win32.x86_64_17.0.7.v20230425-1502\jre\bin\verify.dll
0x00007ffdcf4d0000 - 0x00007ffdcf4de000 	C:\Users\AmrendraKumar\.p2\pool\plugins\org.eclipse.justj.openjdk.hotspot.jre.full.win32.x86_64_17.0.7.v20230425-1502\jre\bin\sunmscapi.dll
0x00007ffdef620000 - 0x00007ffdef77d000 	C:\Windows\System32\CRYPT32.dll
0x00007ffdeef30000 - 0x00007ffdeef58000 	C:\Windows\SYSTEM32\ncrypt.dll
0x00007ffdeeef0000 - 0x00007ffdeef2b000 	C:\Windows\SYSTEM32\NTASN1.dll
0x00007ffdb39d0000 - 0x00007ffdb39d7000 	C:\Windows\system32\wshunix.dll

dbghelp: loaded successfully - version: 4.0.5 - missing functions: none
symbol engine: initialized successfully - sym options: 0x614 - pdb path: .;C:\Users\AmrendraKumar\.p2\pool\plugins\org.eclipse.justj.openjdk.hotspot.jre.full.win32.x86_64_17.0.7.v20230425-1502\jre\bin;C:\Windows\SYSTEM32;C:\Windows\WinSxS\amd64_microsoft.windows.common-controls_6595b64144ccf1df_6.0.19041.3636_none_60b6a03d71f818d5;C:\Users\AmrendraKumar\.p2\pool\plugins\org.eclipse.justj.openjdk.hotspot.jre.full.win32.x86_64_17.0.7.v20230425-1502\jre\bin\server

VM Arguments:
jvm_args: -XX:+ShowCodeDetailsInExceptionMessages -agentlib:jdwp=transport=dt_socket,suspend=y,address=localhost:51710 -Dcom.sun.management.jmxremote -Dcom.sun.management.jmxremote.port=51708 -Dcom.sun.management.jmxremote.authenticate=false -Dcom.sun.management.jmxremote.ssl=false -Djava.rmi.server.hostname=localhost -Dspring.jmx.enabled=true -Dmanagement.endpoints.jmx.exposure.include=* -Dspring.application.admin.enabled=true -XX:TieredStopAtLevel=1 -Dspring.boot.project.name=login-page -javaagent:C:\Users\AmrendraKumar\eclipse\java-2023-062\eclipse\configuration\org.eclipse.osgi\248\0\.cp\lib\javaagent-shaded.jar -Dfile.encoding=UTF-8 
java_command: com.example.LoginPageApplication --spring.output.ansi.enabled=always
java_class_path (initial): C:\Users\AmrendraKumar\eclipse-workspace\login-page\target\classes;C:\Users\AmrendraKumar\.m2\repository\com\microsoft\sqlserver\mssql-jdbc\9.4.0.jre11\mssql-jdbc-9.4.0.jre11.jar;C:\Users\AmrendraKumar\.m2\repository\org\springframework\boot\spring-boot-starter-data-jpa\3.1.0\spring-boot-starter-data-jpa-3.1.0.jar;C:\Users\AmrendraKumar\.m2\repository\org\springframework\boot\spring-boot-starter-aop\3.1.0\spring-boot-starter-aop-3.1.0.jar;C:\Users\AmrendraKumar\.m2\repository\org\aspectj\aspectjweaver\1.9.19\aspectjweaver-1.9.19.jar;C:\Users\AmrendraKumar\.m2\repository\org\springframework\boot\spring-boot-starter-jdbc\3.1.0\spring-boot-starter-jdbc-3.1.0.jar;C:\Users\AmrendraKumar\.m2\repository\com\zaxxer\HikariCP\5.0.1\HikariCP-5.0.1.jar;C:\Users\AmrendraKumar\.m2\repository\org\springframework\spring-jdbc\6.0.9\spring-jdbc-6.0.9.jar;C:\Users\AmrendraKumar\.m2\repository\org\hibernate\orm\hibernate-core\6.2.2.Final\hibernate-core-6.2.2.Final.jar;C:\Users\AmrendraKumar\.m2\repository\jakarta\persistence\jakarta.persistence-api\3.1.0\jakarta.persistence-api-3.1.0.jar;C:\Users\AmrendraKumar\.m2\repository\jakarta\transaction\jakarta.transaction-api\2.0.1\jakarta.transaction-api-2.0.1.jar;C:\Users\AmrendraKumar\.m2\repository\org\jboss\logging\jboss-logging\3.5.0.Final\jboss-logging-3.5.0.Final.jar;C:\Users\AmrendraKumar\.m2\repository\org\hibernate\common\hibernate-commons-annotations\6.0.6.Final\hibernate-commons-annotations-6.0.6.Final.jar;C:\Users\AmrendraKumar\.m2\repository\io\smallrye\jandex\3.0.5\jandex-3.0.5.jar;C:\Users\AmrendraKumar\.m2\repository\com\fasterxml\classmate\1.5.1\classmate-1.5.1.jar;C:\Users\AmrendraKumar\.m2\repository\net\bytebuddy\byte-buddy\1.14.4\byte-buddy-1.14.4.jar;C:\Users\AmrendraKumar\.m2\repository\org\glassfish\jaxb\jaxb-runtime\4.0.2\jaxb-runtime-4.0.2.jar;C:\Users\AmrendraKumar\.m2\repository\org\glassfish\jaxb\jaxb-core\4.0.2\jaxb-core-4.0.2.jar;C:\Users\AmrendraKumar\.m2\repository\org\eclipse\ang
Launcher Type: SUN_STANDARD

[Global flags]
     intx CICompilerCount                          = 4                                         {product} {ergonomic}
     uint ConcGCThreads                            = 2                                         {product} {ergonomic}
     uint G1ConcRefinementThreads                  = 8                                         {product} {ergonomic}
   size_t G1HeapRegionSize                         = 2097152                                   {product} {ergonomic}
    uintx GCDrainStackTargetSize                   = 64                                        {product} {ergonomic}
   size_t InitialHeapSize                          = 266338304                                 {product} {ergonomic}
     bool ManagementServer                         = true                                      {product} {command line}
   size_t MarkStackSize                            = 4194304                                   {product} {ergonomic}
   size_t MaxHeapSize                              = 4234149888                                {product} {ergonomic}
   size_t MaxNewSize                               = 2539651072                                {product} {ergonomic}
   size_t MinHeapDeltaBytes                        = 2097152                                   {product} {ergonomic}
   size_t MinHeapSize                              = 8388608                                   {product} {ergonomic}
    uintx NonProfiledCodeHeapSize                  = 0                                      {pd product} {ergonomic}
     bool ProfileInterpreter                       = false                                  {pd product} {command line}
    uintx ProfiledCodeHeapSize                     = 0                                      {pd product} {ergonomic}
     bool ShowCodeDetailsInExceptionMessages       = true                                   {manageable} {command line}
   size_t SoftMaxHeapSize                          = 4234149888                             {manageable} {ergonomic}
     intx TieredStopAtLevel                        = 1                                         {product} {command line}
     bool UseCompressedClassPointers               = true                           {product lp64_product} {ergonomic}
     bool UseCompressedOops                        = true                           {product lp64_product} {ergonomic}
     bool UseG1GC                                  = true                                      {product} {ergonomic}
     bool UseLargePagesIndividualAllocation        = false                                  {pd product} {ergonomic}

Logging:
Log output configuration:
 #0: stdout all=warning uptime,level,tags
 #1: stderr all=off uptime,level,tags

Environment Variables:
PATH=C:\Users\AmrendraKumar\.p2\pool\plugins\org.eclipse.justj.openjdk.hotspot.jre.full.win32.x86_64_17.0.7.v20230425-1502\jre\bin;C:/Users/AmrendraKumar/.p2/pool/plugins/org.eclipse.justj.openjdk.hotspot.jre.full.win32.x86_64_17.0.7.v20230425-1502/jre/bin/server;C:/Users/AmrendraKumar/.p2/pool/plugins/org.eclipse.justj.openjdk.hotspot.jre.full.win32.x86_64_17.0.7.v20230425-1502/jre/bin;C:\Python312\Scripts\;C:\Python312\;C:\Program Files (x86)\Common Files\Oracle\Java\javapath;C:\Windows\system32;C:\Windows;C:\Windows\System32\Wbem;C:\Windows\System32\WindowsPowerShell\v1.0\;C:\Windows\System32\OpenSSH\;C:\Program Files\Java\jdk1.8.0_192\bin;C:\Program Files\dotnet\;C:\ProgramData\chocolatey\bin;C:\Program Files\nodejs\;C:\Program Files (x86)\Microsoft SQL Server\160\DTS\Binn\;C:\Program Files\Azure Data Studio\bin;C:\Program Files\MySQL\MySQL Shell 8.0\bin\;C:\Users\AmrendraKumar\AppData\Local\Microsoft\WindowsApps;C:\Program Files\Java\jdk1.8.0_192\bin;C:\Users\AmrendraKumar\AppData\Local\Programs\Microsoft VS Code\bin;C:\Users\AmrendraKumar\AppData\Roaming\npm;C:\Users\AmrendraKumar\AppData\Local\Programs\Git\cmd;C:\Windows\system32;
USERNAME=AmrendraKumar
OS=Windows_NT
PROCESSOR_IDENTIFIER=Intel64 Family 6 Model 142 Stepping 12, GenuineIntel
TMP=C:\Users\AMREND~1\AppData\Local\Temp
TEMP=C:\Users\AMREND~1\AppData\Local\Temp



---------------  S Y S T E M  ---------------

OS:
 Windows 10 , 64 bit Build 19041 (10.0.19041.3636)
OS uptime: 0 days 13:59 hours

CPU: total 8 (initial active 8) (4 cores per cpu, 2 threads per core) family 6 model 142 stepping 12 microcode 0xf8, cx8, cmov, fxsr, ht, mmx, 3dnowpref, sse, sse2, sse3, ssse3, sse4.1, sse4.2, popcnt, lzcnt, tsc, tscinvbit, avx, avx2, aes, erms, clmul, bmi1, bmi2, adx, fma, vzeroupper, clflush, clflushopt

Memory: 4k page, system-wide physical 16144M (4346M free)
TotalPageFile size 22288M (AvailPageFile size 5389M)
current process WorkingSet (physical memory assigned to process): 265M, peak: 287M
current process commit charge ("private bytes"): 320M, peak: 366M

vm_info: OpenJDK 64-Bit Server VM (17.0.7+7) for windows-amd64 JRE (17.0.7+7), built on Apr 18 2023 22:10:42 by "temurin" with MS VC++ 16.7 (VS2019)

END.
